2025-06-04 12:30:48,754 [1] INFO Microsoft.Hosting.Lifetime - Now listening on: http://localhost:5290
2025-06-04 12:30:48,793 [1] INFO Microsoft.Hosting.Lifetime - Application started. Press Ctrl+C to shut down.
2025-06-04 12:30:48,793 [1] INFO Microsoft.Hosting.Lifetime - Hosting environment: Development
2025-06-04 12:30:48,794 [1] INFO Microsoft.Hosting.Lifetime - Content root path: /Users/presidio/Desktop/Presidio_Training/Day_23/FirstAPI
2025-06-04 12:31:38,688 [.NET Signal Handler] INFO Microsoft.Hosting.Lifetime - Application is shutting down...
2025-06-04 16:20:36,592 [1] FATAL Microsoft.AspNetCore.Hosting.Diagnostics - Application startup exception
System.InvalidOperationException: Scheme already exists: Bearer
   at Microsoft.AspNetCore.Authentication.AuthenticationOptions.AddScheme(String name, Action`1 configureBuilder)
   at Microsoft.Extensions.Options.ConfigureNamedOptions`1.Configure(String name, TOptions options)
   at Microsoft.Extensions.Options.OptionsFactory`1.Create(String name)
   at Microsoft.Extensions.Options.UnnamedOptionsManager`1.get_Value()
   at Microsoft.AspNetCore.Authentication.AuthenticationSchemeProvider..ctor(IOptions`1 options, IDictionary`2 schemes)
   at System.RuntimeMethodHandle.InvokeMethod(Object target, Void** arguments, Signature sig, Boolean isConstructor)
   at System.Reflection.MethodBaseInvoker.InvokeDirectByRefWithFewArgs(Object obj, Span`1 copyOfArgs, BindingFlags invokeAttr)
   at System.Reflection.MethodBaseInvoker.InvokeWithOneArg(Object obj, BindingFlags invokeAttr, Binder binder, Object[] parameters, CultureInfo culture)
   at Microsoft.Extensions.DependencyInjection.ServiceLookup.CallSiteRuntimeResolver.VisitConstructor(ConstructorCallSite constructorCallSite, RuntimeResolverContext context)
   at Microsoft.Extensions.DependencyInjection.ServiceLookup.CallSiteVisitor`2.VisitCallSiteMain(ServiceCallSite callSite, TArgument argument)
   at Microsoft.Extensions.DependencyInjection.ServiceLookup.CallSiteRuntimeResolver.VisitRootCache(ServiceCallSite callSite, RuntimeResolverContext context)
   at Microsoft.Extensions.DependencyInjection.ServiceLookup.CallSiteVisitor`2.VisitCallSite(ServiceCallSite callSite, TArgument argument)
   at Microsoft.Extensions.DependencyInjection.ServiceLookup.CallSiteRuntimeResolver.Resolve(ServiceCallSite callSite, ServiceProviderEngineScope scope)
   at Microsoft.Extensions.DependencyInjection.ServiceProvider.CreateServiceAccessor(ServiceIdentifier serviceIdentifier)
   at System.Collections.Concurrent.ConcurrentDictionary`2.GetOrAdd(TKey key, Func`2 valueFactory)
   at Microsoft.Extensions.DependencyInjection.ServiceProvider.GetService(ServiceIdentifier serviceIdentifier, ServiceProviderEngineScope serviceProviderEngineScope)
   at Microsoft.Extensions.DependencyInjection.ServiceProvider.GetService(Type serviceType)
   at Microsoft.Extensions.Internal.ActivatorUtilities.ConstructorMatcher.CreateInstance(IServiceProvider provider)
   at Microsoft.Extensions.Internal.ActivatorUtilities.CreateInstance(IServiceProvider provider, Type instanceType, Object[] parameters)
   at Microsoft.AspNetCore.Builder.UseMiddlewareExtensions.ReflectionMiddlewareBinder.CreateMiddleware(RequestDelegate next)
   at Microsoft.AspNetCore.Builder.ApplicationBuilder.Build()
   at Microsoft.AspNetCore.Builder.ApplicationBuilder.Build()
   at Microsoft.AspNetCore.Hosting.GenericWebHostService.StartAsync(CancellationToken cancellationToken)
2025-06-04 16:20:36,630 [1] ERROR Microsoft.Extensions.Hosting.Internal.Host - Hosting failed to start
System.InvalidOperationException: Scheme already exists: Bearer
   at Microsoft.AspNetCore.Authentication.AuthenticationOptions.AddScheme(String name, Action`1 configureBuilder)
   at Microsoft.Extensions.Options.ConfigureNamedOptions`1.Configure(String name, TOptions options)
   at Microsoft.Extensions.Options.OptionsFactory`1.Create(String name)
   at Microsoft.Extensions.Options.UnnamedOptionsManager`1.get_Value()
   at Microsoft.AspNetCore.Authentication.AuthenticationSchemeProvider..ctor(IOptions`1 options, IDictionary`2 schemes)
   at System.RuntimeMethodHandle.InvokeMethod(Object target, Void** arguments, Signature sig, Boolean isConstructor)
   at System.Reflection.MethodBaseInvoker.InvokeDirectByRefWithFewArgs(Object obj, Span`1 copyOfArgs, BindingFlags invokeAttr)
   at System.Reflection.MethodBaseInvoker.InvokeWithOneArg(Object obj, BindingFlags invokeAttr, Binder binder, Object[] parameters, CultureInfo culture)
   at Microsoft.Extensions.DependencyInjection.ServiceLookup.CallSiteRuntimeResolver.VisitConstructor(ConstructorCallSite constructorCallSite, RuntimeResolverContext context)
   at Microsoft.Extensions.DependencyInjection.ServiceLookup.CallSiteVisitor`2.VisitCallSiteMain(ServiceCallSite callSite, TArgument argument)
   at Microsoft.Extensions.DependencyInjection.ServiceLookup.CallSiteRuntimeResolver.VisitRootCache(ServiceCallSite callSite, RuntimeResolverContext context)
   at Microsoft.Extensions.DependencyInjection.ServiceLookup.CallSiteVisitor`2.VisitCallSite(ServiceCallSite callSite, TArgument argument)
   at Microsoft.Extensions.DependencyInjection.ServiceLookup.CallSiteRuntimeResolver.Resolve(ServiceCallSite callSite, ServiceProviderEngineScope scope)
   at Microsoft.Extensions.DependencyInjection.ServiceProvider.CreateServiceAccessor(ServiceIdentifier serviceIdentifier)
   at System.Collections.Concurrent.ConcurrentDictionary`2.GetOrAdd(TKey key, Func`2 valueFactory)
   at Microsoft.Extensions.DependencyInjection.ServiceProvider.GetService(ServiceIdentifier serviceIdentifier, ServiceProviderEngineScope serviceProviderEngineScope)
   at Microsoft.Extensions.DependencyInjection.ServiceProvider.GetService(Type serviceType)
   at Microsoft.Extensions.Internal.ActivatorUtilities.ConstructorMatcher.CreateInstance(IServiceProvider provider)
   at Microsoft.Extensions.Internal.ActivatorUtilities.CreateInstance(IServiceProvider provider, Type instanceType, Object[] parameters)
   at Microsoft.AspNetCore.Builder.UseMiddlewareExtensions.ReflectionMiddlewareBinder.CreateMiddleware(RequestDelegate next)
   at Microsoft.AspNetCore.Builder.ApplicationBuilder.Build()
   at Microsoft.AspNetCore.Builder.ApplicationBuilder.Build()
   at Microsoft.AspNetCore.Hosting.GenericWebHostService.StartAsync(CancellationToken cancellationToken)
   at Microsoft.Extensions.Hosting.Internal.Host.<StartAsync>b__15_1(IHostedService service, CancellationToken token)
   at Microsoft.Extensions.Hosting.Internal.Host.ForeachService[T](IEnumerable`1 services, CancellationToken token, Boolean concurrent, Boolean abortOnFirstException, List`1 exceptions, Func`3 operation)
2025-06-04 16:25:30,858 [1] INFO Microsoft.Hosting.Lifetime - Now listening on: http://localhost:5290
2025-06-04 16:25:30,898 [1] INFO Microsoft.Hosting.Lifetime - Application started. Press Ctrl+C to shut down.
2025-06-04 16:25:30,899 [1] INFO Microsoft.Hosting.Lifetime - Hosting environment: Development
2025-06-04 16:25:30,899 [1] INFO Microsoft.Hosting.Lifetime - Content root path: /Users/presidio/Desktop/Presidio_Training/Day_23/FirstAPI
2025-06-04 16:26:38,552 [.NET Signal Handler] INFO Microsoft.Hosting.Lifetime - Application is shutting down...
2025-06-04 16:26:45,402 [1] INFO Microsoft.Hosting.Lifetime - Now listening on: http://localhost:5290
2025-06-04 16:26:45,444 [1] INFO Microsoft.Hosting.Lifetime - Application started. Press Ctrl+C to shut down.
2025-06-04 16:26:45,445 [1] INFO Microsoft.Hosting.Lifetime - Hosting environment: Development
2025-06-04 16:26:45,445 [1] INFO Microsoft.Hosting.Lifetime - Content root path: /Users/presidio/Desktop/Presidio_Training/Day_23/FirstAPI
2025-06-04 16:29:50,113 [.NET TP Worker] ERROR Microsoft.AspNetCore.Diagnostics.DeveloperExceptionPageMiddleware - An unhandled exception has occurred while executing the request.
System.InvalidOperationException: No authenticationScheme was specified, and there was no DefaultSignInScheme found. The default schemes can be set using either AddAuthentication(string defaultScheme) or AddAuthentication(Action<AuthenticationOptions> configureOptions).
   at Microsoft.AspNetCore.Authentication.AuthenticationService.SignInAsync(HttpContext context, String scheme, ClaimsPrincipal principal, AuthenticationProperties properties)
   at Microsoft.AspNetCore.Authentication.RemoteAuthenticationHandler`1.HandleRequestAsync()
   at Microsoft.AspNetCore.Authentication.AuthenticationMiddleware.Invoke(HttpContext context)
   at Swashbuckle.AspNetCore.SwaggerUI.SwaggerUIMiddleware.Invoke(HttpContext httpContext)
   at Swashbuckle.AspNetCore.Swagger.SwaggerMiddleware.Invoke(HttpContext httpContext, ISwaggerProvider swaggerProvider)
   at Microsoft.AspNetCore.Diagnostics.DeveloperExceptionPageMiddlewareImpl.Invoke(HttpContext context)
2025-06-04 16:29:51,885 [.NET TP Worker] INFO Microsoft.EntityFrameworkCore.Database.Command - Executed DbCommand (53ms) [Parameters=[@__key_0='?'], CommandType='Text', CommandTimeout='30']
SELECT a."AppointmentNumber", a."AppointmentDate", a."DoctorId", a."PatientId", a."Status", p."Id", p."Age", p."ContactNumber", p."Email", p."FullName", p."Status", d."Id", d."Email", d."Name", d."Status", d."YearsOfExperience"
FROM "Appointments" AS a
INNER JOIN "Patients" AS p ON a."PatientId" = p."Id"
INNER JOIN "Doctors" AS d ON a."DoctorId" = d."Id"
WHERE a."AppointmentNumber" = @__key_0
LIMIT 2
2025-06-04 16:30:39,125 [.NET Signal Handler] INFO Microsoft.Hosting.Lifetime - Application is shutting down...
2025-06-04 16:30:45,973 [1] INFO Microsoft.Hosting.Lifetime - Now listening on: http://localhost:5290
2025-06-04 16:30:46,008 [1] INFO Microsoft.Hosting.Lifetime - Application started. Press Ctrl+C to shut down.
2025-06-04 16:30:46,009 [1] INFO Microsoft.Hosting.Lifetime - Hosting environment: Development
2025-06-04 16:30:46,009 [1] INFO Microsoft.Hosting.Lifetime - Content root path: /Users/presidio/Desktop/Presidio_Training/Day_23/FirstAPI
2025-06-04 16:30:55,156 [.NET TP Worker] INFO Microsoft.EntityFrameworkCore.Database.Command - Executed DbCommand (47ms) [Parameters=[@__key_0='?'], CommandType='Text', CommandTimeout='30']
SELECT a."AppointmentNumber", a."AppointmentDate", a."DoctorId", a."PatientId", a."Status", p."Id", p."Age", p."ContactNumber", p."Email", p."FullName", p."Status", d."Id", d."Email", d."Name", d."Status", d."YearsOfExperience"
FROM "Appointments" AS a
INNER JOIN "Patients" AS p ON a."PatientId" = p."Id"
INNER JOIN "Doctors" AS d ON a."DoctorId" = d."Id"
WHERE a."AppointmentNumber" = @__key_0
LIMIT 2
2025-06-04 16:34:25,661 [.NET Signal Handler] INFO Microsoft.Hosting.Lifetime - Application is shutting down...
2025-06-04 16:34:36,804 [1] INFO Microsoft.Hosting.Lifetime - Now listening on: http://localhost:5290
2025-06-04 16:34:36,851 [1] INFO Microsoft.Hosting.Lifetime - Application started. Press Ctrl+C to shut down.
2025-06-04 16:34:36,852 [1] INFO Microsoft.Hosting.Lifetime - Hosting environment: Development
2025-06-04 16:34:36,852 [1] INFO Microsoft.Hosting.Lifetime - Content root path: /Users/presidio/Desktop/Presidio_Training/Day_23/FirstAPI
2025-06-04 16:35:19,956 [.NET TP Worker] INFO Microsoft.EntityFrameworkCore.Database.Command - Executed DbCommand (50ms) [Parameters=[@__key_0='?'], CommandType='Text', CommandTimeout='30']
SELECT a."AppointmentNumber", a."AppointmentDate", a."DoctorId", a."PatientId", a."Status", p."Id", p."Age", p."ContactNumber", p."Email", p."FullName", p."Status", d."Id", d."Email", d."Name", d."Status", d."YearsOfExperience"
FROM "Appointments" AS a
INNER JOIN "Patients" AS p ON a."PatientId" = p."Id"
INNER JOIN "Doctors" AS d ON a."DoctorId" = d."Id"
WHERE a."AppointmentNumber" = @__key_0
LIMIT 2
2025-06-04 16:35:38,207 [.NET TP Worker] INFO Microsoft.EntityFrameworkCore.Database.Command - Executed DbCommand (6ms) [Parameters=[@__key_0='?'], CommandType='Text', CommandTimeout='30']
SELECT a."AppointmentNumber", a."AppointmentDate", a."DoctorId", a."PatientId", a."Status", p."Id", p."Age", p."ContactNumber", p."Email", p."FullName", p."Status", d."Id", d."Email", d."Name", d."Status", d."YearsOfExperience"
FROM "Appointments" AS a
INNER JOIN "Patients" AS p ON a."PatientId" = p."Id"
INNER JOIN "Doctors" AS d ON a."DoctorId" = d."Id"
WHERE a."AppointmentNumber" = @__key_0
LIMIT 2
2025-06-04 16:35:39,267 [.NET TP Worker] INFO Microsoft.EntityFrameworkCore.Database.Command - Executed DbCommand (1ms) [Parameters=[@__key_0='?'], CommandType='Text', CommandTimeout='30']
SELECT a."AppointmentNumber", a."AppointmentDate", a."DoctorId", a."PatientId", a."Status", p."Id", p."Age", p."ContactNumber", p."Email", p."FullName", p."Status", d."Id", d."Email", d."Name", d."Status", d."YearsOfExperience"
FROM "Appointments" AS a
INNER JOIN "Patients" AS p ON a."PatientId" = p."Id"
INNER JOIN "Doctors" AS d ON a."DoctorId" = d."Id"
WHERE a."AppointmentNumber" = @__key_0
LIMIT 2
2025-06-04 16:36:04,317 [.NET TP Worker] INFO Microsoft.EntityFrameworkCore.Database.Command - Executed DbCommand (1ms) [Parameters=[@__key_0='?'], CommandType='Text', CommandTimeout='30']
SELECT a."AppointmentNumber", a."AppointmentDate", a."DoctorId", a."PatientId", a."Status", p."Id", p."Age", p."ContactNumber", p."Email", p."FullName", p."Status", d."Id", d."Email", d."Name", d."Status", d."YearsOfExperience"
FROM "Appointments" AS a
INNER JOIN "Patients" AS p ON a."PatientId" = p."Id"
INNER JOIN "Doctors" AS d ON a."DoctorId" = d."Id"
WHERE a."AppointmentNumber" = @__key_0
LIMIT 2
2025-06-04 16:37:33,820 [1] INFO Microsoft.Hosting.Lifetime - Now listening on: http://localhost:5290
2025-06-04 16:37:33,858 [1] INFO Microsoft.Hosting.Lifetime - Application started. Press Ctrl+C to shut down.
2025-06-04 16:37:33,859 [1] INFO Microsoft.Hosting.Lifetime - Hosting environment: Development
2025-06-04 16:37:33,859 [1] INFO Microsoft.Hosting.Lifetime - Content root path: /Users/presidio/Desktop/Presidio_Training/Day_23/FirstAPI
2025-06-04 16:38:13,064 [.NET TP Worker] WARN Microsoft.AspNetCore.Authentication.Google.GoogleHandler - '.AspNetCore.Correlation.kE_hAjAND64zE_UbO_1nlrKp7Q5rqvM3YX_dAFE5XYI' cookie not found.
2025-06-04 16:38:14,288 [.NET TP Worker] INFO Microsoft.EntityFrameworkCore.Database.Command - Executed DbCommand (54ms) [Parameters=[@__key_0='?'], CommandType='Text', CommandTimeout='30']
SELECT a."AppointmentNumber", a."AppointmentDate", a."DoctorId", a."PatientId", a."Status", p."Id", p."Age", p."ContactNumber", p."Email", p."FullName", p."Status", d."Id", d."Email", d."Name", d."Status", d."YearsOfExperience"
FROM "Appointments" AS a
INNER JOIN "Patients" AS p ON a."PatientId" = p."Id"
INNER JOIN "Doctors" AS d ON a."DoctorId" = d."Id"
WHERE a."AppointmentNumber" = @__key_0
LIMIT 2
2025-06-04 16:38:33,467 [.NET TP Worker] WARN Microsoft.AspNetCore.Authentication.Google.GoogleHandler - '.AspNetCore.Correlation.kE_hAjAND64zE_UbO_1nlrKp7Q5rqvM3YX_dAFE5XYI' cookie not found.
2025-06-04 16:38:33,506 [.NET TP Worker] INFO Microsoft.EntityFrameworkCore.Database.Command - Executed DbCommand (4ms) [Parameters=[@__key_0='?'], CommandType='Text', CommandTimeout='30']
SELECT a."AppointmentNumber", a."AppointmentDate", a."DoctorId", a."PatientId", a."Status", p."Id", p."Age", p."ContactNumber", p."Email", p."FullName", p."Status", d."Id", d."Email", d."Name", d."Status", d."YearsOfExperience"
FROM "Appointments" AS a
INNER JOIN "Patients" AS p ON a."PatientId" = p."Id"
INNER JOIN "Doctors" AS d ON a."DoctorId" = d."Id"
WHERE a."AppointmentNumber" = @__key_0
LIMIT 2
2025-06-04 16:38:36,202 [.NET TP Worker] WARN Microsoft.AspNetCore.Authentication.Google.GoogleHandler - '.AspNetCore.Correlation.kE_hAjAND64zE_UbO_1nlrKp7Q5rqvM3YX_dAFE5XYI' cookie not found.
2025-06-04 16:38:36,275 [.NET TP Worker] INFO Microsoft.EntityFrameworkCore.Database.Command - Executed DbCommand (1ms) [Parameters=[@__key_0='?'], CommandType='Text', CommandTimeout='30']
SELECT a."AppointmentNumber", a."AppointmentDate", a."DoctorId", a."PatientId", a."Status", p."Id", p."Age", p."ContactNumber", p."Email", p."FullName", p."Status", d."Id", d."Email", d."Name", d."Status", d."YearsOfExperience"
FROM "Appointments" AS a
INNER JOIN "Patients" AS p ON a."PatientId" = p."Id"
INNER JOIN "Doctors" AS d ON a."DoctorId" = d."Id"
WHERE a."AppointmentNumber" = @__key_0
LIMIT 2
2025-06-04 16:39:17,362 [.NET TP Worker] INFO Microsoft.EntityFrameworkCore.Database.Command - Executed DbCommand (2ms) [Parameters=[@__key_0='?'], CommandType='Text', CommandTimeout='30']
SELECT a."AppointmentNumber", a."AppointmentDate", a."DoctorId", a."PatientId", a."Status", p."Id", p."Age", p."ContactNumber", p."Email", p."FullName", p."Status", d."Id", d."Email", d."Name", d."Status", d."YearsOfExperience"
FROM "Appointments" AS a
INNER JOIN "Patients" AS p ON a."PatientId" = p."Id"
INNER JOIN "Doctors" AS d ON a."DoctorId" = d."Id"
WHERE a."AppointmentNumber" = @__key_0
LIMIT 2
2025-06-04 16:41:28,038 [.NET Signal Handler] INFO Microsoft.Hosting.Lifetime - Application is shutting down...
2025-06-04 16:41:35,296 [1] INFO Microsoft.Hosting.Lifetime - Now listening on: http://localhost:5290
2025-06-04 16:41:35,333 [1] INFO Microsoft.Hosting.Lifetime - Application started. Press Ctrl+C to shut down.
2025-06-04 16:41:35,334 [1] INFO Microsoft.Hosting.Lifetime - Hosting environment: Development
2025-06-04 16:41:35,334 [1] INFO Microsoft.Hosting.Lifetime - Content root path: /Users/presidio/Desktop/Presidio_Training/Day_23/FirstAPI
2025-06-04 16:41:46,362 [.NET TP Worker] INFO Microsoft.EntityFrameworkCore.Database.Command - Executed DbCommand (60ms) [Parameters=[@__key_0='?'], CommandType='Text', CommandTimeout='30']
SELECT a."AppointmentNumber", a."AppointmentDate", a."DoctorId", a."PatientId", a."Status", p."Id", p."Age", p."ContactNumber", p."Email", p."FullName", p."Status", d."Id", d."Email", d."Name", d."Status", d."YearsOfExperience"
FROM "Appointments" AS a
INNER JOIN "Patients" AS p ON a."PatientId" = p."Id"
INNER JOIN "Doctors" AS d ON a."DoctorId" = d."Id"
WHERE a."AppointmentNumber" = @__key_0
LIMIT 2
2025-06-04 16:41:50,586 [.NET TP Worker] INFO Microsoft.EntityFrameworkCore.Database.Command - Executed DbCommand (4ms) [Parameters=[@__key_0='?'], CommandType='Text', CommandTimeout='30']
SELECT a."AppointmentNumber", a."AppointmentDate", a."DoctorId", a."PatientId", a."Status", p."Id", p."Age", p."ContactNumber", p."Email", p."FullName", p."Status", d."Id", d."Email", d."Name", d."Status", d."YearsOfExperience"
FROM "Appointments" AS a
INNER JOIN "Patients" AS p ON a."PatientId" = p."Id"
INNER JOIN "Doctors" AS d ON a."DoctorId" = d."Id"
WHERE a."AppointmentNumber" = @__key_0
LIMIT 2
2025-06-04 16:42:11,296 [.NET TP Worker] INFO Microsoft.EntityFrameworkCore.Database.Command - Executed DbCommand (1ms) [Parameters=[@__key_0='?'], CommandType='Text', CommandTimeout='30']
SELECT a."AppointmentNumber", a."AppointmentDate", a."DoctorId", a."PatientId", a."Status", p."Id", p."Age", p."ContactNumber", p."Email", p."FullName", p."Status", d."Id", d."Email", d."Name", d."Status", d."YearsOfExperience"
FROM "Appointments" AS a
INNER JOIN "Patients" AS p ON a."PatientId" = p."Id"
INNER JOIN "Doctors" AS d ON a."DoctorId" = d."Id"
WHERE a."AppointmentNumber" = @__key_0
LIMIT 2
2025-06-04 16:42:11,339 [.NET TP Worker] INFO Microsoft.EntityFrameworkCore.Database.Command - Executed DbCommand (3ms) [Parameters=[@__key_0='?'], CommandType='Text', CommandTimeout='30']
SELECT a."AppointmentNumber", a."AppointmentDate", a."DoctorId", a."PatientId", a."Status", p."Id", p."Age", p."ContactNumber", p."Email", p."FullName", p."Status", d."Id", d."Email", d."Name", d."Status", d."YearsOfExperience"
FROM "Appointments" AS a
INNER JOIN "Patients" AS p ON a."PatientId" = p."Id"
INNER JOIN "Doctors" AS d ON a."DoctorId" = d."Id"
WHERE a."AppointmentNumber" = @__key_0
LIMIT 2
2025-06-04 16:42:11,339 [.NET TP Worker] INFO Microsoft.EntityFrameworkCore.Database.Command - Executed DbCommand (3ms) [Parameters=[@__key_0='?'], CommandType='Text', CommandTimeout='30']
SELECT a."AppointmentNumber", a."AppointmentDate", a."DoctorId", a."PatientId", a."Status", p."Id", p."Age", p."ContactNumber", p."Email", p."FullName", p."Status", d."Id", d."Email", d."Name", d."Status", d."YearsOfExperience"
FROM "Appointments" AS a
INNER JOIN "Patients" AS p ON a."PatientId" = p."Id"
INNER JOIN "Doctors" AS d ON a."DoctorId" = d."Id"
WHERE a."AppointmentNumber" = @__key_0
LIMIT 2
2025-06-04 16:42:48,032 [.NET Signal Handler] INFO Microsoft.Hosting.Lifetime - Application is shutting down...
2025-06-04 16:42:54,670 [1] INFO Microsoft.Hosting.Lifetime - Now listening on: http://localhost:5290
2025-06-04 16:42:54,710 [1] INFO Microsoft.Hosting.Lifetime - Application started. Press Ctrl+C to shut down.
2025-06-04 16:42:54,710 [1] INFO Microsoft.Hosting.Lifetime - Hosting environment: Development
2025-06-04 16:42:54,711 [1] INFO Microsoft.Hosting.Lifetime - Content root path: /Users/presidio/Desktop/Presidio_Training/Day_23/FirstAPI
2025-06-04 16:43:03,789 [.NET TP Worker] INFO Microsoft.EntityFrameworkCore.Database.Command - Executed DbCommand (50ms) [Parameters=[@__key_0='?'], CommandType='Text', CommandTimeout='30']
SELECT u."Email", u."HashKey", u."Password", u."Role"
FROM "Users" AS u
WHERE u."Email" = @__key_0
LIMIT 2
2025-06-04 16:43:04,030 [.NET TP Worker] INFO Microsoft.EntityFrameworkCore.Database.Command - Executed DbCommand (5ms) [Parameters=[@__key_0='?'], CommandType='Text', CommandTimeout='30']
SELECT a."AppointmentNumber", a."AppointmentDate", a."DoctorId", a."PatientId", a."Status", p."Id", p."Age", p."ContactNumber", p."Email", p."FullName", p."Status", d."Id", d."Email", d."Name", d."Status", d."YearsOfExperience"
FROM "Appointments" AS a
INNER JOIN "Patients" AS p ON a."PatientId" = p."Id"
INNER JOIN "Doctors" AS d ON a."DoctorId" = d."Id"
WHERE a."AppointmentNumber" = @__key_0
LIMIT 2
2025-06-04 16:45:20,623 [.NET Signal Handler] INFO Microsoft.Hosting.Lifetime - Application is shutting down...
2025-06-04 16:45:27,228 [1] INFO Microsoft.Hosting.Lifetime - Now listening on: http://localhost:5290
2025-06-04 16:45:27,276 [1] INFO Microsoft.Hosting.Lifetime - Application started. Press Ctrl+C to shut down.
2025-06-04 16:45:27,277 [1] INFO Microsoft.Hosting.Lifetime - Hosting environment: Development
2025-06-04 16:45:27,277 [1] INFO Microsoft.Hosting.Lifetime - Content root path: /Users/presidio/Desktop/Presidio_Training/Day_23/FirstAPI
2025-06-04 16:45:33,682 [.NET TP Worker] INFO Microsoft.EntityFrameworkCore.Database.Command - Executed DbCommand (59ms) [Parameters=[@__key_0='?'], CommandType='Text', CommandTimeout='30']
SELECT u."Email", u."HashKey", u."Password", u."Role"
FROM "Users" AS u
WHERE u."Email" = @__key_0
LIMIT 2
2025-06-04 16:45:33,862 [.NET TP Worker] INFO Microsoft.EntityFrameworkCore.Database.Command - Executed DbCommand (6ms) [Parameters=[@p0='?', @p1='?' (DbType = Binary), @p2='?' (DbType = Binary), @p3='?'], CommandType='Text', CommandTimeout='30']
INSERT INTO "Users" ("Email", "HashKey", "Password", "Role")
VALUES (@p0, @p1, @p2, @p3);
2025-06-04 16:45:34,120 [.NET TP Worker] INFO Microsoft.EntityFrameworkCore.Database.Command - Executed DbCommand (2ms) [Parameters=[@__key_0='?'], CommandType='Text', CommandTimeout='30']
SELECT a."AppointmentNumber", a."AppointmentDate", a."DoctorId", a."PatientId", a."Status", p."Id", p."Age", p."ContactNumber", p."Email", p."FullName", p."Status", d."Id", d."Email", d."Name", d."Status", d."YearsOfExperience"
FROM "Appointments" AS a
INNER JOIN "Patients" AS p ON a."PatientId" = p."Id"
INNER JOIN "Doctors" AS d ON a."DoctorId" = d."Id"
WHERE a."AppointmentNumber" = @__key_0
LIMIT 2
2025-06-04 16:52:44,048 [1] INFO Microsoft.Hosting.Lifetime - Now listening on: http://localhost:5290
2025-06-04 16:52:44,084 [1] INFO Microsoft.Hosting.Lifetime - Application started. Press Ctrl+C to shut down.
2025-06-04 16:52:44,085 [1] INFO Microsoft.Hosting.Lifetime - Hosting environment: Development
2025-06-04 16:52:44,085 [1] INFO Microsoft.Hosting.Lifetime - Content root path: /Users/presidio/Desktop/Presidio_Training/Day_23/FirstAPI
2025-06-04 16:52:53,882 [.NET TP Worker] INFO Microsoft.EntityFrameworkCore.Database.Command - Executed DbCommand (53ms) [Parameters=[@__key_0='?'], CommandType='Text', CommandTimeout='30']
SELECT u."Email", u."HashKey", u."Password", u."Role"
FROM "Users" AS u
WHERE u."Email" = @__key_0
LIMIT 2
2025-06-04 16:52:54,035 [.NET TP Worker] INFO Microsoft.EntityFrameworkCore.Database.Command - Executed DbCommand (4ms) [Parameters=[@p0='?', @p1='?' (DbType = Binary), @p2='?' (DbType = Binary), @p3='?'], CommandType='Text', CommandTimeout='30']
INSERT INTO "Users" ("Email", "HashKey", "Password", "Role")
VALUES (@p0, @p1, @p2, @p3);
2025-06-04 16:52:54,431 [.NET TP Worker] INFO Microsoft.EntityFrameworkCore.Database.Command - Executed DbCommand (4ms) [Parameters=[@__key_0='?'], CommandType='Text', CommandTimeout='30']
SELECT a."AppointmentNumber", a."AppointmentDate", a."DoctorId", a."PatientId", a."Status", p."Id", p."Age", p."ContactNumber", p."Email", p."FullName", p."Status", d."Id", d."Email", d."Name", d."Status", d."YearsOfExperience"
FROM "Appointments" AS a
INNER JOIN "Patients" AS p ON a."PatientId" = p."Id"
INNER JOIN "Doctors" AS d ON a."DoctorId" = d."Id"
WHERE a."AppointmentNumber" = @__key_0
LIMIT 2
2025-06-04 17:11:24,702 [1] INFO Microsoft.Hosting.Lifetime - Now listening on: http://localhost:5290
2025-06-04 17:11:24,740 [1] INFO Microsoft.Hosting.Lifetime - Application started. Press Ctrl+C to shut down.
2025-06-04 17:11:24,740 [1] INFO Microsoft.Hosting.Lifetime - Hosting environment: Development
2025-06-04 17:11:24,740 [1] INFO Microsoft.Hosting.Lifetime - Content root path: /Users/presidio/Desktop/Presidio_Training/Day_23/FirstAPI
2025-06-04 17:11:44,825 [.NET TP Worker] INFO Microsoft.EntityFrameworkCore.Database.Command - Executed DbCommand (53ms) [Parameters=[@__key_0='?'], CommandType='Text', CommandTimeout='30']
SELECT u."Email", u."HashKey", u."Password", u."Role"
FROM "Users" AS u
WHERE u."Email" = @__key_0
LIMIT 2
2025-06-04 17:11:45,236 [.NET TP Worker] INFO Microsoft.EntityFrameworkCore.Database.Command - Executed DbCommand (4ms) [Parameters=[@__key_0='?'], CommandType='Text', CommandTimeout='30']
SELECT a."AppointmentNumber", a."AppointmentDate", a."DoctorId", a."PatientId", a."Status", p."Id", p."Age", p."ContactNumber", p."Email", p."FullName", p."Status", d."Id", d."Email", d."Name", d."Status", d."YearsOfExperience"
FROM "Appointments" AS a
INNER JOIN "Patients" AS p ON a."PatientId" = p."Id"
INNER JOIN "Doctors" AS d ON a."DoctorId" = d."Id"
WHERE a."AppointmentNumber" = @__key_0
LIMIT 2
2025-06-04 17:12:21,754 [.NET TP Worker] INFO Microsoft.EntityFrameworkCore.Database.Command - Executed DbCommand (1ms) [Parameters=[@__key_0='?'], CommandType='Text', CommandTimeout='30']
SELECT u."Email", u."HashKey", u."Password", u."Role"
FROM "Users" AS u
WHERE u."Email" = @__key_0
LIMIT 2
2025-06-04 17:12:21,934 [.NET TP Worker] INFO Microsoft.EntityFrameworkCore.Database.Command - Executed DbCommand (1ms) [Parameters=[@__key_0='?'], CommandType='Text', CommandTimeout='30']
SELECT a."AppointmentNumber", a."AppointmentDate", a."DoctorId", a."PatientId", a."Status", p."Id", p."Age", p."ContactNumber", p."Email", p."FullName", p."Status", d."Id", d."Email", d."Name", d."Status", d."YearsOfExperience"
FROM "Appointments" AS a
INNER JOIN "Patients" AS p ON a."PatientId" = p."Id"
INNER JOIN "Doctors" AS d ON a."DoctorId" = d."Id"
WHERE a."AppointmentNumber" = @__key_0
LIMIT 2
2025-06-04 17:15:47,296 [.NET Signal Handler] INFO Microsoft.Hosting.Lifetime - Application is shutting down...
2025-06-04 17:16:00,884 [1] INFO Microsoft.Hosting.Lifetime - Now listening on: http://localhost:5290
2025-06-04 17:16:00,916 [1] INFO Microsoft.Hosting.Lifetime - Application started. Press Ctrl+C to shut down.
2025-06-04 17:16:00,916 [1] INFO Microsoft.Hosting.Lifetime - Hosting environment: Development
2025-06-04 17:16:00,916 [1] INFO Microsoft.Hosting.Lifetime - Content root path: /Users/presidio/Desktop/Presidio_Training/Day_23/FirstAPI
2025-06-04 17:16:07,367 [.NET TP Worker] INFO Microsoft.EntityFrameworkCore.Database.Command - Executed DbCommand (46ms) [Parameters=[@__key_0='?'], CommandType='Text', CommandTimeout='30']
SELECT a."AppointmentNumber", a."AppointmentDate", a."DoctorId", a."PatientId", a."Status", p."Id", p."Age", p."ContactNumber", p."Email", p."FullName", p."Status", d."Id", d."Email", d."Name", d."Status", d."YearsOfExperience"
FROM "Appointments" AS a
INNER JOIN "Patients" AS p ON a."PatientId" = p."Id"
INNER JOIN "Doctors" AS d ON a."DoctorId" = d."Id"
WHERE a."AppointmentNumber" = @__key_0
LIMIT 2
2025-06-04 17:17:17,982 [.NET TP Worker] INFO Microsoft.EntityFrameworkCore.Database.Command - Executed DbCommand (4ms) [Parameters=[@__key_0='?'], CommandType='Text', CommandTimeout='30']
SELECT u."Email", u."HashKey", u."Password", u."Role"
FROM "Users" AS u
WHERE u."Email" = @__key_0
LIMIT 2
2025-06-04 17:17:18,298 [.NET TP Worker] INFO Microsoft.EntityFrameworkCore.Database.Command - Executed DbCommand (1ms) [Parameters=[@__key_0='?'], CommandType='Text', CommandTimeout='30']
SELECT a."AppointmentNumber", a."AppointmentDate", a."DoctorId", a."PatientId", a."Status", p."Id", p."Age", p."ContactNumber", p."Email", p."FullName", p."Status", d."Id", d."Email", d."Name", d."Status", d."YearsOfExperience"
FROM "Appointments" AS a
INNER JOIN "Patients" AS p ON a."PatientId" = p."Id"
INNER JOIN "Doctors" AS d ON a."DoctorId" = d."Id"
WHERE a."AppointmentNumber" = @__key_0
LIMIT 2
2025-06-04 17:18:16,202 [.NET TP Worker] INFO Microsoft.EntityFrameworkCore.Database.Command - Executed DbCommand (1ms) [Parameters=[@__key_0='?'], CommandType='Text', CommandTimeout='30']
SELECT u."Email", u."HashKey", u."Password", u."Role"
FROM "Users" AS u
WHERE u."Email" = @__key_0
LIMIT 2
2025-06-04 17:18:16,378 [.NET TP Worker] INFO Microsoft.EntityFrameworkCore.Database.Command - Executed DbCommand (1ms) [Parameters=[@__key_0='?'], CommandType='Text', CommandTimeout='30']
SELECT a."AppointmentNumber", a."AppointmentDate", a."DoctorId", a."PatientId", a."Status", p."Id", p."Age", p."ContactNumber", p."Email", p."FullName", p."Status", d."Id", d."Email", d."Name", d."Status", d."YearsOfExperience"
FROM "Appointments" AS a
INNER JOIN "Patients" AS p ON a."PatientId" = p."Id"
INNER JOIN "Doctors" AS d ON a."DoctorId" = d."Id"
WHERE a."AppointmentNumber" = @__key_0
LIMIT 2
2025-06-04 17:18:41,852 [.NET Signal Handler] INFO Microsoft.Hosting.Lifetime - Application is shutting down...
2025-06-04 17:18:52,458 [1] INFO Microsoft.Hosting.Lifetime - Now listening on: http://localhost:5290
2025-06-04 17:18:52,495 [1] INFO Microsoft.Hosting.Lifetime - Application started. Press Ctrl+C to shut down.
2025-06-04 17:18:52,496 [1] INFO Microsoft.Hosting.Lifetime - Hosting environment: Development
2025-06-04 17:18:52,496 [1] INFO Microsoft.Hosting.Lifetime - Content root path: /Users/presidio/Desktop/Presidio_Training/Day_23/FirstAPI
2025-06-04 17:19:00,001 [.NET TP Worker] INFO Microsoft.EntityFrameworkCore.Database.Command - Executed DbCommand (56ms) [Parameters=[@__key_0='?'], CommandType='Text', CommandTimeout='30']
SELECT u."Email", u."HashKey", u."Password", u."Role"
FROM "Users" AS u
WHERE u."Email" = @__key_0
LIMIT 2
2025-06-04 17:19:00,346 [.NET TP Worker] INFO Microsoft.EntityFrameworkCore.Database.Command - Executed DbCommand (4ms) [Parameters=[@__key_0='?'], CommandType='Text', CommandTimeout='30']
SELECT a."AppointmentNumber", a."AppointmentDate", a."DoctorId", a."PatientId", a."Status", p."Id", p."Age", p."ContactNumber", p."Email", p."FullName", p."Status", d."Id", d."Email", d."Name", d."Status", d."YearsOfExperience"
FROM "Appointments" AS a
INNER JOIN "Patients" AS p ON a."PatientId" = p."Id"
INNER JOIN "Doctors" AS d ON a."DoctorId" = d."Id"
WHERE a."AppointmentNumber" = @__key_0
LIMIT 2
2025-06-04 17:20:33,599 [.NET TP Worker] INFO Microsoft.EntityFrameworkCore.Database.Command - Executed DbCommand (1ms) [Parameters=[@__key_0='?'], CommandType='Text', CommandTimeout='30']
SELECT u."Email", u."HashKey", u."Password", u."Role"
FROM "Users" AS u
WHERE u."Email" = @__key_0
LIMIT 2
2025-06-04 17:20:33,733 [.NET TP Worker] INFO Microsoft.EntityFrameworkCore.Database.Command - Executed DbCommand (34ms) [Parameters=[@p0='?', @p1='?' (DbType = Binary), @p2='?' (DbType = Binary), @p3='?'], CommandType='Text', CommandTimeout='30']
INSERT INTO "Users" ("Email", "HashKey", "Password", "Role")
VALUES (@p0, @p1, @p2, @p3);
2025-06-04 17:20:33,789 [.NET TP Worker] INFO Microsoft.EntityFrameworkCore.Database.Command - Executed DbCommand (1ms) [Parameters=[@__key_0='?'], CommandType='Text', CommandTimeout='30']
SELECT a."AppointmentNumber", a."AppointmentDate", a."DoctorId", a."PatientId", a."Status", p."Id", p."Age", p."ContactNumber", p."Email", p."FullName", p."Status", d."Id", d."Email", d."Name", d."Status", d."YearsOfExperience"
FROM "Appointments" AS a
INNER JOIN "Patients" AS p ON a."PatientId" = p."Id"
INNER JOIN "Doctors" AS d ON a."DoctorId" = d."Id"
WHERE a."AppointmentNumber" = @__key_0
LIMIT 2
2025-06-05 11:54:03,368 [1] INFO Microsoft.Hosting.Lifetime - Now listening on: http://localhost:5290
2025-06-05 11:54:03,410 [1] INFO Microsoft.Hosting.Lifetime - Application started. Press Ctrl+C to shut down.
2025-06-05 11:54:03,411 [1] INFO Microsoft.Hosting.Lifetime - Hosting environment: Development
2025-06-05 11:54:03,411 [1] INFO Microsoft.Hosting.Lifetime - Content root path: /Users/presidio/Desktop/Presidio_Training/Day_24/FirstAPI
2025-06-05 11:59:43,170 [.NET TP Worker] INFO Microsoft.EntityFrameworkCore.Database.Command - Executed DbCommand (55ms) [Parameters=[@__key_0='?'], CommandType='Text', CommandTimeout='30']
SELECT a."AppointmentNumber", a."AppointmentDate", a."DoctorId", a."PatientId", a."Status", p."Id", p."Age", p."ContactNumber", p."Email", p."FullName", p."Status", d."Id", d."Email", d."Name", d."Status", d."YearsOfExperience"
FROM "Appointments" AS a
INNER JOIN "Patients" AS p ON a."PatientId" = p."Id"
INNER JOIN "Doctors" AS d ON a."DoctorId" = d."Id"
WHERE a."AppointmentNumber" = @__key_0
LIMIT 2
2025-06-05 11:59:43,170 [.NET TP Worker] INFO Microsoft.EntityFrameworkCore.Database.Command - Executed DbCommand (55ms) [Parameters=[@__key_0='?'], CommandType='Text', CommandTimeout='30']
SELECT a."AppointmentNumber", a."AppointmentDate", a."DoctorId", a."PatientId", a."Status", p."Id", p."Age", p."ContactNumber", p."Email", p."FullName", p."Status", d."Id", d."Email", d."Name", d."Status", d."YearsOfExperience"
FROM "Appointments" AS a
INNER JOIN "Patients" AS p ON a."PatientId" = p."Id"
INNER JOIN "Doctors" AS d ON a."DoctorId" = d."Id"
WHERE a."AppointmentNumber" = @__key_0
LIMIT 2
2025-06-05 11:59:43,170 [.NET TP Worker] INFO Microsoft.EntityFrameworkCore.Database.Command - Executed DbCommand (55ms) [Parameters=[@__key_0='?'], CommandType='Text', CommandTimeout='30']
SELECT a."AppointmentNumber", a."AppointmentDate", a."DoctorId", a."PatientId", a."Status", p."Id", p."Age", p."ContactNumber", p."Email", p."FullName", p."Status", d."Id", d."Email", d."Name", d."Status", d."YearsOfExperience"
FROM "Appointments" AS a
INNER JOIN "Patients" AS p ON a."PatientId" = p."Id"
INNER JOIN "Doctors" AS d ON a."DoctorId" = d."Id"
WHERE a."AppointmentNumber" = @__key_0
LIMIT 2
2025-06-05 12:00:55,556 [.NET Signal Handler] INFO Microsoft.Hosting.Lifetime - Application is shutting down...
2025-06-05 12:01:02,256 [1] INFO Microsoft.Hosting.Lifetime - Now listening on: http://localhost:5290
2025-06-05 12:01:02,292 [1] INFO Microsoft.Hosting.Lifetime - Application started. Press Ctrl+C to shut down.
2025-06-05 12:01:02,293 [1] INFO Microsoft.Hosting.Lifetime - Hosting environment: Development
2025-06-05 12:01:02,293 [1] INFO Microsoft.Hosting.Lifetime - Content root path: /Users/presidio/Desktop/Presidio_Training/Day_24/FirstAPI
2025-06-05 12:02:36,336 [.NET Signal Handler] INFO Microsoft.Hosting.Lifetime - Application is shutting down...
2025-06-05 12:02:42,817 [1] INFO Microsoft.Hosting.Lifetime - Now listening on: http://localhost:5290
2025-06-05 12:02:42,852 [1] INFO Microsoft.Hosting.Lifetime - Application started. Press Ctrl+C to shut down.
2025-06-05 12:02:42,853 [1] INFO Microsoft.Hosting.Lifetime - Hosting environment: Development
2025-06-05 12:02:42,853 [1] INFO Microsoft.Hosting.Lifetime - Content root path: /Users/presidio/Desktop/Presidio_Training/Day_24/FirstAPI
